<?xml version="1.0" encoding="UTF-8"?>
<testsuite xmlns:xsi="http://www.w3.org/2001/XMLSchema-instance" xsi:noNamespaceSchemaLocation="https://maven.apache.org/surefire/maven-surefire-plugin/xsd/surefire-test-report.xsd" name="edu.ntnu.idatt2001.trygveam.mappe_1.hospital.RemoveExceptionTest" time="0.025" tests="4" errors="0" skipped="0" failures="0">
  <properties>
[...]
</properties>
  <testcase name="correctExceptionsSincePatientNotInList" classname="edu.ntnu.idatt2001.trygveam.mappe_1.hospital.RemoveExceptionTest$TestingWithFalseArgument" time="0.017"/>
  <testcase name="correctExceptionsSinceEmployeeNotInList" classname="edu.ntnu.idatt2001.trygveam.mappe_1.hospital.RemoveExceptionTest$TestingWithFalseArgument" time="0"/>
  <testcase name="noExceptionsSincePatientExists" classname="edu.ntnu.idatt2001.trygveam.mappe_1.hospital.RemoveExceptionTest$TestingWithCorrectArgument" time="0.001"/>
  <testcase name="noExceptionsSinceEmployeeExists" classname="edu.ntnu.idatt2001.trygveam.mappe_1.hospital.RemoveExceptionTest$TestingWithCorrectArgument" time="0.001"/>
</testsuite>